<?xml version="1.0" encoding="UTF-8"?>
<testng-results ignored="0" total="4" passed="4" failed="0" skipped="0">
  <reporter-output>
  </reporter-output>
  <suite started-at="2022-04-13T13:57:08 IST" name="Suite" finished-at="2022-04-13T13:57:53 IST" duration-ms="44939">
    <groups>
    </groups>
    <test started-at="2022-04-13T13:57:08 IST" name="Test" finished-at="2022-04-13T13:57:53 IST" duration-ms="44939">
      <class name="testNg.Tc01">
        <test-method signature="demo()[pri:0, instance:testNg.Tc01@2e1d27ba]" started-at="2022-04-13T13:57:08 IST" name="demo" finished-at="2022-04-13T13:57:25 IST" duration-ms="16740" status="PASS">
          <reporter-output>
          </reporter-output>
        </test-method> <!-- demo -->
      </class> <!-- testNg.Tc01 -->
      <class name="testNg.Tc03">
        <test-method signature="demo()[pri:0, instance:testNg.Tc03@6a370f4]" started-at="2022-04-13T13:57:36 IST" name="demo" finished-at="2022-04-13T13:57:42 IST" duration-ms="6157" status="PASS">
          <reporter-output>
          </reporter-output>
        </test-method> <!-- demo -->
      </class> <!-- testNg.Tc03 -->
      <class name="testNg.Tc02">
        <test-method signature="demo()[pri:0, instance:testNg.Tc02@503d687a]" started-at="2022-04-13T13:57:25 IST" name="demo" finished-at="2022-04-13T13:57:36 IST" duration-ms="11217" status="PASS">
          <reporter-output>
          </reporter-output>
        </test-method> <!-- demo -->
      </class> <!-- testNg.Tc02 -->
      <class name="testNg.Tc04">
        <test-method signature="demo()[pri:0, instance:testNg.Tc04@2abf4075]" started-at="2022-04-13T13:57:42 IST" name="demo" finished-at="2022-04-13T13:57:53 IST" duration-ms="10641" status="PASS">
          <reporter-output>
          </reporter-output>
        </test-method> <!-- demo -->
      </class> <!-- testNg.Tc04 -->
    </test> <!-- Test -->
  </suite> <!-- Suite -->
</testng-results>
