<?xml version="1.0" encoding="UTF-8"?>
<!-- Generated by org.testng.reporters.JUnitXMLReporter -->
<testsuite ignored="0" hostname="DESKTOP-3PM9DU6" failures="0" tests="4" name="Test" time="44.939" errors="0" timestamp="2022-04-13T13:57:53 IST">
  <testcase classname="testNg.Tc01" name="demo" time="16.74"/>
  <testcase classname="testNg.Tc02" name="demo" time="11.217"/>
  <testcase classname="testNg.Tc03" name="demo" time="6.157"/>
  <testcase classname="testNg.Tc04" name="demo" time="10.641"/>
</testsuite> <!-- Test -->
