<?xml version="1.0" encoding="UTF-8"?>
<!-- Generated by org.testng.reporters.JUnitXMLReporter -->
<testsuite ignored="0" hostname="DESKTOP-3PM9DU6" failures="0" tests="5" name="Default test" time="86.543" errors="0" timestamp="2022-04-13T13:45:56 IST">
  <testcase classname="testNg.Tc01" name="demo" time="84.167"/>
  <testcase classname="testNg.Tc01" name="demo" time="84.167"/>
  <testcase classname="testNg.Tc01" name="demo" time="84.294"/>
  <testcase classname="testNg.Tc01" name="demo" time="86.34"/>
  <testcase classname="testNg.Tc01" name="demo" time="86.341"/>
</testsuite> <!-- Default test -->
